[checkpoint] start serial
Running mode=serial p=1 run=1
[INIT] nx=500 ny=197 ng=2 Lx=0.225 Ly=0.089 dx=0.00045 dy=0.000451776649746 cfl=0.4 t_end=0.0011741
[INIT] initial dt=2.21083874874e-07
[LOOP] step=0 t=0 dt=2.21083874874e-07 wall_so_far=0.000821792
[LOOP] step=500 t=8.98545907982e-05 dt=1.72929036454e-07 wall_so_far=7.041141211
[LOOP] step=1000 t=0.00017602833528 dt=1.70857928796e-07 wall_so_far=14.302273108
[LOOP] step=1500 t=0.000261001091894 dt=1.69787613663e-07 wall_so_far=21.876721433
[LOOP] step=2000 t=0.00034608989336 dt=1.70726950347e-07 wall_so_far=29.702405398
[LOOP] step=2500 t=0.000431860674164 dt=1.72807586938e-07 wall_so_far=37.722905538
[LOOP] step=3000 t=0.000519879256349 dt=1.80050710657e-07 wall_so_far=45.94704344
[LOOP] step=3500 t=0.000607856867537 dt=1.71662686339e-07 wall_so_far=54.295237629
[LOOP] step=4000 t=0.000692354242098 dt=1.67587000647e-07 wall_so_far=62.569090318
[LOOP] step=4500 t=0.00077607974027 dt=1.67144753365e-07 wall_so_far=70.819572008
[LOOP] step=5000 t=0.000859006279276 dt=1.6446405901e-07 wall_so_far=79.012620639
[LOOP] step=5500 t=0.00094081913624 dt=1.62986583659e-07 wall_so_far=87.143588729
[LOOP] step=6000 t=0.00102225038646 dt=1.62959448004e-07 wall_so_far=95.262845117
[LOOP] step=6500 t=0.00110400967309 dt=1.64289204646e-07 wall_so_far=103.381366668
mode=serial p=1 nx=500 ny=197 steps=6926 wall_seconds=110.323614685
Running mode=serial p=1 run=2
[INIT] nx=500 ny=197 ng=2 Lx=0.225 Ly=0.089 dx=0.00045 dy=0.000451776649746 cfl=0.4 t_end=0.0011741
[INIT] initial dt=2.21083874874e-07
[LOOP] step=0 t=0 dt=2.21083874874e-07 wall_so_far=0.000760032
[LOOP] step=500 t=8.98545907982e-05 dt=1.72929036454e-07 wall_so_far=7.058796153
[LOOP] step=1000 t=0.00017602833528 dt=1.70857928796e-07 wall_so_far=14.323661349
[LOOP] step=1500 t=0.000261001091894 dt=1.69787613663e-07 wall_so_far=21.888068896
[LOOP] step=2000 t=0.00034608989336 dt=1.70726950347e-07 wall_so_far=29.707509243
[LOOP] step=2500 t=0.000431860674164 dt=1.72807586938e-07 wall_so_far=37.721143452
[LOOP] step=3000 t=0.000519879256349 dt=1.80050710657e-07 wall_so_far=45.943038592
[LOOP] step=3500 t=0.000607856867537 dt=1.71662686339e-07 wall_so_far=54.279536123
[LOOP] step=4000 t=0.000692354242098 dt=1.67587000647e-07 wall_so_far=62.546925757
[LOOP] step=4500 t=0.00077607974027 dt=1.67144753365e-07 wall_so_far=70.834268804
[LOOP] step=5000 t=0.000859006279276 dt=1.6446405901e-07 wall_so_far=79.082544545
[LOOP] step=5500 t=0.00094081913624 dt=1.62986583659e-07 wall_so_far=87.288690697
[LOOP] step=6000 t=0.00102225038646 dt=1.62959448004e-07 wall_so_far=95.481338879
[LOOP] step=6500 t=0.00110400967309 dt=1.64289204646e-07 wall_so_far=103.677759715
mode=serial p=1 nx=500 ny=197 steps=6926 wall_seconds=110.679773765
[checkpoint] finished serial
[checkpoint] start omp
Running mode=omp p=1 run=1
[INIT] nx=500 ny=197 ng=2 Lx=0.225 Ly=0.089 dx=0.00045 dy=0.000451776649746 cfl=0.4 t_end=0.0011741
[INIT] initial dt=2.21083874874e-07
[LOOP] step=0 t=0 dt=2.21083874874e-07 wall_so_far=0.000786217
[LOOP] step=500 t=8.98545907982e-05 dt=1.72929036454e-07 wall_so_far=6.646958364
[LOOP] step=1000 t=0.00017602833528 dt=1.70857928796e-07 wall_so_far=13.587714591
[LOOP] step=1500 t=0.000261001091894 dt=1.69787613663e-07 wall_so_far=20.903435913
[LOOP] step=2000 t=0.00034608989336 dt=1.70726950347e-07 wall_so_far=28.517484884
[LOOP] step=2500 t=0.000431860674164 dt=1.72807586938e-07 wall_so_far=36.361745598
[LOOP] step=3000 t=0.000519879256349 dt=1.80050710657e-07 wall_so_far=44.434356136
[LOOP] step=3500 t=0.000607856867537 dt=1.71662686339e-07 wall_so_far=52.637408302
[LOOP] step=4000 t=0.000692354242098 dt=1.67587000647e-07 wall_so_far=60.746192062
[LOOP] step=4500 t=0.00077607974027 dt=1.67144753365e-07 wall_so_far=68.822927347
[LOOP] step=5000 t=0.000859006279276 dt=1.6446405901e-07 wall_so_far=76.836218737
[LOOP] step=5500 t=0.00094081913624 dt=1.62986583659e-07 wall_so_far=84.792249283
[LOOP] step=6000 t=0.00102225038646 dt=1.62959448004e-07 wall_so_far=92.740331986
[LOOP] step=6500 t=0.00110400967309 dt=1.64289204646e-07 wall_so_far=100.683183644
mode=omp p=1 nx=500 ny=197 steps=6926 wall_seconds=107.468972625
Running mode=omp p=1 run=2
[INIT] nx=500 ny=197 ng=2 Lx=0.225 Ly=0.089 dx=0.00045 dy=0.000451776649746 cfl=0.4 t_end=0.0011741
[INIT] initial dt=2.21083874874e-07
[LOOP] step=0 t=0 dt=2.21083874874e-07 wall_so_far=0.000789836
[LOOP] step=500 t=8.98545907982e-05 dt=1.72929036454e-07 wall_so_far=6.668263484
[LOOP] step=1000 t=0.00017602833528 dt=1.70857928796e-07 wall_so_far=13.59628632
[LOOP] step=1500 t=0.000261001091894 dt=1.69787613663e-07 wall_so_far=20.89558216
[LOOP] step=2000 t=0.00034608989336 dt=1.70726950347e-07 wall_so_far=28.509169656
[LOOP] step=2500 t=0.000431860674164 dt=1.72807586938e-07 wall_so_far=36.356074771
[LOOP] step=3000 t=0.000519879256349 dt=1.80050710657e-07 wall_so_far=44.450550826
[LOOP] step=3500 t=0.000607856867537 dt=1.71662686339e-07 wall_so_far=52.63611143
[LOOP] step=4000 t=0.000692354242098 dt=1.67587000647e-07 wall_so_far=60.741471624
[LOOP] step=4500 t=0.00077607974027 dt=1.67144753365e-07 wall_so_far=68.818262476
[LOOP] step=5000 t=0.000859006279276 dt=1.6446405901e-07 wall_so_far=76.831266826
[LOOP] step=5500 t=0.00094081913624 dt=1.62986583659e-07 wall_so_far=84.833629957
[LOOP] step=6000 t=0.00102225038646 dt=1.62959448004e-07 wall_so_far=92.824825354
[LOOP] step=6500 t=0.00110400967309 dt=1.64289204646e-07 wall_so_far=100.807838464
mode=omp p=1 nx=500 ny=197 steps=6926 wall_seconds=107.62812255
Running mode=omp p=2 run=1
[INIT] nx=500 ny=197 ng=2 Lx=0.225 Ly=0.089 dx=0.00045 dy=0.000451776649746 cfl=0.4 t_end=0.0011741
[INIT] initial dt=2.21083874874e-07
[LOOP] step=0 t=0 dt=2.21083874874e-07 wall_so_far=0.001157559
[LOOP] step=500 t=8.98545907982e-05 dt=1.72929036454e-07 wall_so_far=3.858984447
[LOOP] step=1000 t=0.00017602833528 dt=1.70857928796e-07 wall_so_far=7.457636086
[LOOP] step=1500 t=0.000261001091894 dt=1.69787613663e-07 wall_so_far=11.247649348
[LOOP] step=2000 t=0.00034608989336 dt=1.70726950347e-07 wall_so_far=15.355438434
[LOOP] step=2500 t=0.000431860674164 dt=1.72807586938e-07 wall_so_far=19.52266117
[LOOP] step=3000 t=0.000519879256349 dt=1.80050710657e-07 wall_so_far=23.689939172
[LOOP] step=3500 t=0.000607856867537 dt=1.71662686339e-07 wall_so_far=27.921331202
[LOOP] step=4000 t=0.000692354242098 dt=1.67587000647e-07 wall_so_far=32.304905281
[LOOP] step=4500 t=0.00077607974027 dt=1.67144753365e-07 wall_so_far=36.518401917
[LOOP] step=5000 t=0.000859006279276 dt=1.6446405901e-07 wall_so_far=40.898480165
[LOOP] step=5500 t=0.00094081913624 dt=1.62986583659e-07 wall_so_far=45.027085593
[LOOP] step=6000 t=0.00102225038646 dt=1.62959448004e-07 wall_so_far=49.362089687
[LOOP] step=6500 t=0.00110400967309 dt=1.64289204646e-07 wall_so_far=53.451913366
mode=omp p=2 nx=500 ny=197 steps=6926 wall_seconds=56.949271153
Running mode=omp p=2 run=2
[INIT] nx=500 ny=197 ng=2 Lx=0.225 Ly=0.089 dx=0.00045 dy=0.000451776649746 cfl=0.4 t_end=0.0011741
[INIT] initial dt=2.21083874874e-07
[LOOP] step=0 t=0 dt=2.21083874874e-07 wall_so_far=0.001078733
[LOOP] step=500 t=8.98545907982e-05 dt=1.72929036454e-07 wall_so_far=3.711080335
[LOOP] step=1000 t=0.00017602833528 dt=1.70857928796e-07 wall_so_far=7.317302128
[LOOP] step=1500 t=0.000261001091894 dt=1.69787613663e-07 wall_so_far=11.094936446
[LOOP] step=2000 t=0.00034608989336 dt=1.70726950347e-07 wall_so_far=15.017230375
[LOOP] step=2500 t=0.000431860674164 dt=1.72807586938e-07 wall_so_far=19.050430225
[LOOP] step=3000 t=0.000519879256349 dt=1.80050710657e-07 wall_so_far=23.458132862
[LOOP] step=3500 t=0.000607856867537 dt=1.71662686339e-07 wall_so_far=27.667440371
[LOOP] step=4000 t=0.000692354242098 dt=1.67587000647e-07 wall_so_far=31.838651337
[LOOP] step=4500 t=0.00077607974027 dt=1.67144753365e-07 wall_so_far=36.113535934
[LOOP] step=5000 t=0.000859006279276 dt=1.6446405901e-07 wall_so_far=40.236531635
[LOOP] step=5500 t=0.00094081913624 dt=1.62986583659e-07 wall_so_far=44.338098196
[LOOP] step=6000 t=0.00102225038646 dt=1.62959448004e-07 wall_so_far=48.604917659
[LOOP] step=6500 t=0.00110400967309 dt=1.64289204646e-07 wall_so_far=52.709696666
mode=omp p=2 nx=500 ny=197 steps=6926 wall_seconds=56.20608464
Running mode=omp p=4 run=1
[INIT] nx=500 ny=197 ng=2 Lx=0.225 Ly=0.089 dx=0.00045 dy=0.000451776649746 cfl=0.4 t_end=0.0011741
[INIT] initial dt=2.21083874874e-07
[LOOP] step=0 t=0 dt=2.21083874874e-07 wall_so_far=0.000803247
[LOOP] step=500 t=8.98545907982e-05 dt=1.72929036454e-07 wall_so_far=2.636065937
[LOOP] step=1000 t=0.00017602833528 dt=1.70857928796e-07 wall_so_far=4.800047292
[LOOP] step=1500 t=0.000261001091894 dt=1.69787613663e-07 wall_so_far=7.036394735
[LOOP] step=2000 t=0.00034608989336 dt=1.70726950347e-07 wall_so_far=9.346812974
[LOOP] step=2500 t=0.000431860674164 dt=1.72807586938e-07 wall_so_far=11.698013981
[LOOP] step=3000 t=0.000519879256349 dt=1.80050710657e-07 wall_so_far=14.107866702
[LOOP] step=3500 t=0.000607856867537 dt=1.71662686339e-07 wall_so_far=16.56558995
[LOOP] step=4000 t=0.000692354242098 dt=1.67587000647e-07 wall_so_far=19.368780514
[LOOP] step=4500 t=0.00077607974027 dt=1.67144753365e-07 wall_so_far=21.830722707
[LOOP] step=5000 t=0.000859006279276 dt=1.6446405901e-07 wall_so_far=24.219632721
[LOOP] step=5500 t=0.00094081913624 dt=1.62986583659e-07 wall_so_far=26.632842109
[LOOP] step=6000 t=0.00102225038646 dt=1.62959448004e-07 wall_so_far=29.044805804
[LOOP] step=6500 t=0.00110400967309 dt=1.64289204646e-07 wall_so_far=31.449405304
mode=omp p=4 nx=500 ny=197 steps=6926 wall_seconds=33.519611618
Running mode=omp p=4 run=2
[INIT] nx=500 ny=197 ng=2 Lx=0.225 Ly=0.089 dx=0.00045 dy=0.000451776649746 cfl=0.4 t_end=0.0011741
[INIT] initial dt=2.21083874874e-07
[LOOP] step=0 t=0 dt=2.21083874874e-07 wall_so_far=0.000678171
[LOOP] step=500 t=8.98545907982e-05 dt=1.72929036454e-07 wall_so_far=2.431782999
[LOOP] step=1000 t=0.00017602833528 dt=1.70857928796e-07 wall_so_far=4.799761797
[LOOP] step=1500 t=0.000261001091894 dt=1.69787613663e-07 wall_so_far=7.032121569
[LOOP] step=2000 t=0.00034608989336 dt=1.70726950347e-07 wall_so_far=9.348531453
[LOOP] step=2500 t=0.000431860674164 dt=1.72807586938e-07 wall_so_far=11.734137273
[LOOP] step=3000 t=0.000519879256349 dt=1.80050710657e-07 wall_so_far=14.164917226
[LOOP] step=3500 t=0.000607856867537 dt=1.71662686339e-07 wall_so_far=16.583482426
[LOOP] step=4000 t=0.000692354242098 dt=1.67587000647e-07 wall_so_far=19.025460985
[LOOP] step=4500 t=0.00077607974027 dt=1.67144753365e-07 wall_so_far=21.776224887
[LOOP] step=5000 t=0.000859006279276 dt=1.6446405901e-07 wall_so_far=24.244647559
[LOOP] step=5500 t=0.00094081913624 dt=1.62986583659e-07 wall_so_far=26.694260785
[LOOP] step=6000 t=0.00102225038646 dt=1.62959448004e-07 wall_so_far=29.099063723
[LOOP] step=6500 t=0.00110400967309 dt=1.64289204646e-07 wall_so_far=31.484857654
mode=omp p=4 nx=500 ny=197 steps=6926 wall_seconds=33.531300202
Running mode=omp p=8 run=1
[INIT] nx=500 ny=197 ng=2 Lx=0.225 Ly=0.089 dx=0.00045 dy=0.000451776649746 cfl=0.4 t_end=0.0011741
[INIT] initial dt=2.21083874874e-07
[LOOP] step=0 t=0 dt=2.21083874874e-07 wall_so_far=0.000731169
[LOOP] step=500 t=8.98545907982e-05 dt=1.72929036454e-07 wall_so_far=2.353358299
[LOOP] step=1000 t=0.00017602833528 dt=1.70857928796e-07 wall_so_far=4.451048004
[LOOP] step=1500 t=0.000261001091894 dt=1.69787613663e-07 wall_so_far=6.385037029
[LOOP] step=2000 t=0.00034608989336 dt=1.70726950347e-07 wall_so_far=8.318827691
[LOOP] step=2500 t=0.000431860674164 dt=1.72807586938e-07 wall_so_far=10.351565669
[LOOP] step=3000 t=0.000519879256349 dt=1.80050710657e-07 wall_so_far=12.766647026
[LOOP] step=3500 t=0.000607856867537 dt=1.71662686339e-07 wall_so_far=15.012284322
[LOOP] step=4000 t=0.000692354242098 dt=1.67587000647e-07 wall_so_far=17.011347182
[LOOP] step=4500 t=0.00077607974027 dt=1.67144753365e-07 wall_so_far=19.055284342
[LOOP] step=5000 t=0.000859006279276 dt=1.6446405901e-07 wall_so_far=20.943549345
[LOOP] step=5500 t=0.00094081913624 dt=1.62986583659e-07 wall_so_far=22.823801373
[LOOP] step=6000 t=0.00102225038646 dt=1.62959448004e-07 wall_so_far=24.710895464
[LOOP] step=6500 t=0.00110400967309 dt=1.64289204646e-07 wall_so_far=26.592029761
mode=omp p=8 nx=500 ny=197 steps=6926 wall_seconds=28.426047987
Running mode=omp p=8 run=2
[INIT] nx=500 ny=197 ng=2 Lx=0.225 Ly=0.089 dx=0.00045 dy=0.000451776649746 cfl=0.4 t_end=0.0011741
[INIT] initial dt=2.21083874874e-07
[LOOP] step=0 t=0 dt=2.21083874874e-07 wall_so_far=0.000654433
[LOOP] step=500 t=8.98545907982e-05 dt=1.72929036454e-07 wall_so_far=2.410797415
[LOOP] step=1000 t=0.00017602833528 dt=1.70857928796e-07 wall_so_far=4.764354966
[LOOP] step=1500 t=0.000261001091894 dt=1.69787613663e-07 wall_so_far=6.858854494
[LOOP] step=2000 t=0.00034608989336 dt=1.70726950347e-07 wall_so_far=8.98033944
[LOOP] step=2500 t=0.000431860674164 dt=1.72807586938e-07 wall_so_far=11.023631794
[LOOP] step=3000 t=0.000519879256349 dt=1.80050710657e-07 wall_so_far=13.431114189
[LOOP] step=3500 t=0.000607856867537 dt=1.71662686339e-07 wall_so_far=15.683595458
[LOOP] step=4000 t=0.000692354242098 dt=1.67587000647e-07 wall_so_far=18.079491096
[LOOP] step=4500 t=0.00077607974027 dt=1.67144753365e-07 wall_so_far=20.211055903
[LOOP] step=5000 t=0.000859006279276 dt=1.6446405901e-07 wall_so_far=22.2922418
[LOOP] step=5500 t=0.00094081913624 dt=1.62986583659e-07 wall_so_far=24.466135028
[LOOP] step=6000 t=0.00102225038646 dt=1.62959448004e-07 wall_so_far=26.751737931
[LOOP] step=6500 t=0.00110400967309 dt=1.64289204646e-07 wall_so_far=29.019835811
mode=omp p=8 nx=500 ny=197 steps=6926 wall_seconds=30.923403268
Running mode=omp p=16 run=1
[INIT] nx=500 ny=197 ng=2 Lx=0.225 Ly=0.089 dx=0.00045 dy=0.000451776649746 cfl=0.4 t_end=0.0011741
[INIT] initial dt=2.21083874874e-07
[LOOP] step=0 t=0 dt=2.21083874874e-07 wall_so_far=0.000814533
[LOOP] step=500 t=8.98545907982e-05 dt=1.72929036454e-07 wall_so_far=2.619514855
[LOOP] step=1000 t=0.00017602833528 dt=1.70857928796e-07 wall_so_far=5.029193963
[LOOP] step=1500 t=0.000261001091894 dt=1.69787613663e-07 wall_so_far=7.404153041
[LOOP] step=2000 t=0.00034608989336 dt=1.70726950347e-07 wall_so_far=9.857799893
[LOOP] step=2500 t=0.000431860674164 dt=1.72807586938e-07 wall_so_far=12.444844468
[LOOP] step=3000 t=0.000519879256349 dt=1.80050710657e-07 wall_so_far=14.93075238
[LOOP] step=3500 t=0.000607856867537 dt=1.71662686339e-07 wall_so_far=17.486813574
[LOOP] step=4000 t=0.000692354242098 dt=1.67587000647e-07 wall_so_far=19.824304794
[LOOP] step=4500 t=0.00077607974027 dt=1.67144753365e-07 wall_so_far=22.28471731
[LOOP] step=5000 t=0.000859006279276 dt=1.6446405901e-07 wall_so_far=24.629554352
[LOOP] step=5500 t=0.00094081913624 dt=1.62986583659e-07 wall_so_far=27.085805623
[LOOP] step=6000 t=0.00102225038646 dt=1.62959448004e-07 wall_so_far=29.525969831
[LOOP] step=6500 t=0.00110400967309 dt=1.64289204646e-07 wall_so_far=32.058749504
mode=omp p=16 nx=500 ny=197 steps=6926 wall_seconds=34.274807539
Running mode=omp p=16 run=2
[INIT] nx=500 ny=197 ng=2 Lx=0.225 Ly=0.089 dx=0.00045 dy=0.000451776649746 cfl=0.4 t_end=0.0011741
[INIT] initial dt=2.21083874874e-07
[LOOP] step=0 t=0 dt=2.21083874874e-07 wall_so_far=0.000656734
[LOOP] step=500 t=8.98545907982e-05 dt=1.72929036454e-07 wall_so_far=2.367867503
[LOOP] step=1000 t=0.00017602833528 dt=1.70857928796e-07 wall_so_far=4.771812557
[LOOP] step=1500 t=0.000261001091894 dt=1.69787613663e-07 wall_so_far=7.217112611
[LOOP] step=2000 t=0.00034608989336 dt=1.70726950347e-07 wall_so_far=9.750497112
[LOOP] step=2500 t=0.000431860674164 dt=1.72807586938e-07 wall_so_far=12.105061285
[LOOP] step=3000 t=0.000519879256349 dt=1.80050710657e-07 wall_so_far=14.532157184
[LOOP] step=3500 t=0.000607856867537 dt=1.71662686339e-07 wall_so_far=17.116775077
[LOOP] step=4000 t=0.000692354242098 dt=1.67587000647e-07 wall_so_far=19.681123939
[LOOP] step=4500 t=0.00077607974027 dt=1.67144753365e-07 wall_so_far=22.117205735
[LOOP] step=5000 t=0.000859006279276 dt=1.6446405901e-07 wall_so_far=24.629055753
[LOOP] step=5500 t=0.00094081913624 dt=1.62986583659e-07 wall_so_far=27.12808413
[LOOP] step=6000 t=0.00102225038646 dt=1.62959448004e-07 wall_so_far=29.679877883
[LOOP] step=6500 t=0.00110400967309 dt=1.64289204646e-07 wall_so_far=32.150511385
mode=omp p=16 nx=500 ny=197 steps=6926 wall_seconds=34.218028072
[checkpoint] finished omp
[checkpoint] start mpi
Running mode=mpi p=1 run=1
mode=mpi p=1 nx=500 ny=197 steps=6926 wall_seconds=112.462
Running mode=mpi p=1 run=2
mode=mpi p=1 nx=500 ny=197 steps=6926 wall_seconds=112.197
Running mode=mpi p=2 run=1
mode=mpi p=2 nx=500 ny=197 steps=6926 wall_seconds=57.4899
Running mode=mpi p=2 run=2
mode=mpi p=2 nx=500 ny=197 steps=6926 wall_seconds=57.6804
Running mode=mpi p=4 run=1
mode=mpi p=4 nx=500 ny=197 steps=6926 wall_seconds=30.2949
Running mode=mpi p=4 run=2
mode=mpi p=4 nx=500 ny=197 steps=6926 wall_seconds=30.491
Running mode=mpi p=8 run=1
mode=mpi p=8 nx=500 ny=197 steps=6926 wall_seconds=18.7234
Running mode=mpi p=8 run=2
mode=mpi p=8 nx=500 ny=197 steps=6926 wall_seconds=18.6727
Running mode=mpi p=16 run=1
mode=mpi p=16 nx=500 ny=197 steps=6926 wall_seconds=11.8895
Running mode=mpi p=16 run=2
mode=mpi p=16 nx=500 ny=197 steps=6926 wall_seconds=10.6265
[checkpoint] finished mpi

===== SUMMARY =====
serial,p=1,avg=110.501694,min=110.323615,n=2
omp,p=1,avg=107.548548,min=107.468973,n=2
omp,p=2,avg=56.577678,min=56.206085,n=2
omp,p=4,avg=33.525456,min=33.519612,n=2
omp,p=8,avg=29.674726,min=28.426048,n=2
omp,p=16,avg=34.246418,min=34.218028,n=2
mpi,p=1,avg=112.329500,min=112.197000,n=2
mpi,p=2,avg=57.585150,min=57.489900,n=2
mpi,p=4,avg=30.392950,min=30.294900,n=2
mpi,p=8,avg=18.698050,min=18.672700,n=2
mpi,p=16,avg=11.258000,min=10.626500,n=2
===================
