[checkpoint] start serial
Running mode=serial p=1 run=1 nx=500 copies_y=1 ny=197
mode=serial p=1 nx=500 ny=197 copies_y=1 steps=6380 wall_seconds=164.123
Running mode=serial p=1 run=2 nx=500 copies_y=1 ny=197
mode=serial p=1 nx=500 ny=197 copies_y=1 steps=6380 wall_seconds=164.438
Running mode=serial p=1 run=3 nx=500 copies_y=1 ny=197
mode=serial p=1 nx=500 ny=197 copies_y=1 steps=6380 wall_seconds=169.135
Running mode=serial p=1 run=4 nx=500 copies_y=1 ny=197
mode=serial p=1 nx=500 ny=197 copies_y=1 steps=6380 wall_seconds=165.976
Running mode=serial p=1 run=5 nx=500 copies_y=1 ny=197
mode=serial p=1 nx=500 ny=197 copies_y=1 steps=6380 wall_seconds=165.103
[checkpoint] finished serial
[checkpoint] start omp
Running mode=omp p=1 run=1 nx=500 copies_y=1 ny=197
mode=omp p=1 nx=500 ny=197 copies_y=1 steps=6380 wall_seconds=170.943
Running mode=omp p=1 run=2 nx=500 copies_y=1 ny=197
mode=omp p=1 nx=500 ny=197 copies_y=1 steps=6380 wall_seconds=170.476
Running mode=omp p=1 run=3 nx=500 copies_y=1 ny=197
mode=omp p=1 nx=500 ny=197 copies_y=1 steps=6380 wall_seconds=174.01
Running mode=omp p=1 run=4 nx=500 copies_y=1 ny=197
mode=omp p=1 nx=500 ny=197 copies_y=1 steps=6380 wall_seconds=175.127
Running mode=omp p=1 run=5 nx=500 copies_y=1 ny=197
mode=omp p=1 nx=500 ny=197 copies_y=1 steps=6380 wall_seconds=239.357
Running mode=omp p=2 run=1 nx=500 copies_y=2 ny=394
mode=omp p=2 nx=500 ny=394 copies_y=2 steps=6396 wall_seconds=636.22
Running mode=omp p=2 run=2 nx=500 copies_y=2 ny=394
mode=omp p=2 nx=500 ny=394 copies_y=2 steps=6396 wall_seconds=718.663
Running mode=omp p=2 run=3 nx=500 copies_y=2 ny=394
mode=omp p=2 nx=500 ny=394 copies_y=2 steps=6396 wall_seconds=766.595
Running mode=omp p=2 run=4 nx=500 copies_y=2 ny=394
mode=omp p=2 nx=500 ny=394 copies_y=2 steps=6396 wall_seconds=922.002
Running mode=omp p=2 run=5 nx=500 copies_y=2 ny=394
mode=omp p=2 nx=500 ny=394 copies_y=2 steps=6396 wall_seconds=1550.67
Running mode=omp p=4 run=1 nx=500 copies_y=4 ny=788
mode=omp p=4 nx=500 ny=788 copies_y=4 steps=6387 wall_seconds=1713.87
Running mode=omp p=4 run=2 nx=500 copies_y=4 ny=788
mode=omp p=4 nx=500 ny=788 copies_y=4 steps=6387 wall_seconds=1755.14
Running mode=omp p=4 run=3 nx=500 copies_y=4 ny=788
mode=omp p=4 nx=500 ny=788 copies_y=4 steps=6387 wall_seconds=1694.03
Running mode=omp p=4 run=4 nx=500 copies_y=4 ny=788
mode=omp p=4 nx=500 ny=788 copies_y=4 steps=6387 wall_seconds=1595.94
Running mode=omp p=4 run=5 nx=500 copies_y=4 ny=788
mode=omp p=4 nx=500 ny=788 copies_y=4 steps=6387 wall_seconds=1624.31
Running mode=omp p=8 run=1 nx=500 copies_y=8 ny=1576
mode=omp p=8 nx=500 ny=1576 copies_y=8 steps=6385 wall_seconds=2242.96
Running mode=omp p=8 run=2 nx=500 copies_y=8 ny=1576
mode=omp p=8 nx=500 ny=1576 copies_y=8 steps=6385 wall_seconds=2132.3
Running mode=omp p=8 run=3 nx=500 copies_y=8 ny=1576
mode=omp p=8 nx=500 ny=1576 copies_y=8 steps=6385 wall_seconds=2108.93
Running mode=omp p=8 run=4 nx=500 copies_y=8 ny=1576
mode=omp p=8 nx=500 ny=1576 copies_y=8 steps=6385 wall_seconds=2220.84
Running mode=omp p=8 run=5 nx=500 copies_y=8 ny=1576
mode=omp p=8 nx=500 ny=1576 copies_y=8 steps=6385 wall_seconds=2133.22
Running mode=omp p=16 run=1 nx=500 copies_y=16 ny=3152
mode=omp p=16 nx=500 ny=3152 copies_y=16 steps=6385 wall_seconds=2451.34
Running mode=omp p=16 run=2 nx=500 copies_y=16 ny=3152
mode=omp p=16 nx=500 ny=3152 copies_y=16 steps=6385 wall_seconds=2560.85
Running mode=omp p=16 run=3 nx=500 copies_y=16 ny=3152
mode=omp p=16 nx=500 ny=3152 copies_y=16 steps=6385 wall_seconds=2488.97
Running mode=omp p=16 run=4 nx=500 copies_y=16 ny=3152
mode=omp p=16 nx=500 ny=3152 copies_y=16 steps=6385 wall_seconds=2412.49
Running mode=omp p=16 run=5 nx=500 copies_y=16 ny=3152
mode=omp p=16 nx=500 ny=3152 copies_y=16 steps=6385 wall_seconds=2562.68
[checkpoint] finished omp
[checkpoint] start mpi
Running mode=mpi p=1 run=1 nx=500 copies_y=1 ny=197
mode=mpi p=1 nx=500 ny=197 copies_y=1 steps=7107 wall_seconds=1444.5
Running mode=mpi p=1 run=2 nx=500 copies_y=1 ny=197
mode=mpi p=1 nx=500 ny=197 copies_y=1 steps=7107 wall_seconds=1356.04
Running mode=mpi p=1 run=3 nx=500 copies_y=1 ny=197
mode=mpi p=1 nx=500 ny=197 copies_y=1 steps=7107 wall_seconds=1326.45
Running mode=mpi p=1 run=4 nx=500 copies_y=1 ny=197
mode=mpi p=1 nx=500 ny=197 copies_y=1 steps=7107 wall_seconds=1375.94
Running mode=mpi p=1 run=5 nx=500 copies_y=1 ny=197
mode=mpi p=1 nx=500 ny=197 copies_y=1 steps=7107 wall_seconds=1383.09
Running mode=mpi p=2 run=1 nx=500 copies_y=2 ny=394
mode=mpi p=2 nx=500 ny=394 copies_y=2 steps=7134 wall_seconds=1680.18
Running mode=mpi p=2 run=2 nx=500 copies_y=2 ny=394
mode=mpi p=2 nx=500 ny=394 copies_y=2 steps=7134 wall_seconds=232.788
Running mode=mpi p=2 run=3 nx=500 copies_y=2 ny=394
mode=mpi p=2 nx=500 ny=394 copies_y=2 steps=7134 wall_seconds=222.082
Running mode=mpi p=2 run=4 nx=500 copies_y=2 ny=394
mode=mpi p=2 nx=500 ny=394 copies_y=2 steps=7134 wall_seconds=238.438
Running mode=mpi p=2 run=5 nx=500 copies_y=2 ny=394
mode=mpi p=2 nx=500 ny=394 copies_y=2 steps=7134 wall_seconds=391.885
Running mode=mpi p=4 run=1 nx=500 copies_y=4 ny=788
