Running mode=serial p=1 run=1
mode=serial p=1 nx=500 ny=197 steps=7161 wall_seconds=237.738
Running mode=serial p=1 run=2
mode=serial p=1 nx=500 ny=197 steps=7161 wall_seconds=227.771
Running mode=serial p=1 run=3
mode=serial p=1 nx=500 ny=197 steps=7161 wall_seconds=228.715
Running mode=serial p=1 run=4
mode=serial p=1 nx=500 ny=197 steps=7161 wall_seconds=226.96
Running mode=serial p=1 run=5
mode=serial p=1 nx=500 ny=197 steps=7161 wall_seconds=229.145
Running mode=omp p=1 run=1
mode=omp p=1 nx=500 ny=197 steps=7161 wall_seconds=236.485
Running mode=omp p=1 run=2
mode=omp p=1 nx=500 ny=197 steps=7161 wall_seconds=237.235
Running mode=omp p=1 run=3
mode=omp p=1 nx=500 ny=197 steps=7161 wall_seconds=235.643
Running mode=omp p=1 run=4
mode=omp p=1 nx=500 ny=197 steps=7161 wall_seconds=234.255
Running mode=omp p=1 run=5
mode=omp p=1 nx=500 ny=197 steps=7161 wall_seconds=240.578
Running mode=omp p=2 run=1
mode=omp p=2 nx=500 ny=197 steps=7161 wall_seconds=118.568
Running mode=omp p=2 run=2
mode=omp p=2 nx=500 ny=197 steps=7161 wall_seconds=116.878
Running mode=omp p=2 run=3
mode=omp p=2 nx=500 ny=197 steps=7161 wall_seconds=116.522
Running mode=omp p=2 run=4
mode=omp p=2 nx=500 ny=197 steps=7161 wall_seconds=118.238
Running mode=omp p=2 run=5
mode=omp p=2 nx=500 ny=197 steps=7161 wall_seconds=117.169
Running mode=omp p=4 run=1
mode=omp p=4 nx=500 ny=197 steps=7161 wall_seconds=59.8916
Running mode=omp p=4 run=2
mode=omp p=4 nx=500 ny=197 steps=7161 wall_seconds=63.8649
Running mode=omp p=4 run=3
mode=omp p=4 nx=500 ny=197 steps=7161 wall_seconds=67.5659
Running mode=omp p=4 run=4
mode=omp p=4 nx=500 ny=197 steps=7161 wall_seconds=61.3307
Running mode=omp p=4 run=5
mode=omp p=4 nx=500 ny=197 steps=7161 wall_seconds=63.1462
Running mode=omp p=8 run=1
mode=omp p=8 nx=500 ny=197 steps=7161 wall_seconds=33.7261
Running mode=omp p=8 run=2
mode=omp p=8 nx=500 ny=197 steps=7161 wall_seconds=37.8172
Running mode=omp p=8 run=3
mode=omp p=8 nx=500 ny=197 steps=7161 wall_seconds=38.3343
Running mode=omp p=8 run=4
mode=omp p=8 nx=500 ny=197 steps=7161 wall_seconds=37.7644
Running mode=omp p=8 run=5
mode=omp p=8 nx=500 ny=197 steps=7161 wall_seconds=37.4282
Running mode=omp p=16 run=1
mode=omp p=16 nx=500 ny=197 steps=7161 wall_seconds=88.0017
Running mode=omp p=16 run=2
mode=omp p=16 nx=500 ny=197 steps=7161 wall_seconds=92.4271
Running mode=omp p=16 run=3
mode=omp p=16 nx=500 ny=197 steps=7161 wall_seconds=93.3902
Running mode=omp p=16 run=4
mode=omp p=16 nx=500 ny=197 steps=7161 wall_seconds=119.732
Running mode=omp p=16 run=5
mode=omp p=16 nx=500 ny=197 steps=7161 wall_seconds=100.852
Running mode=mpi p=1 run=1
mode=mpi p=1 nx=500 ny=197 steps=7161 wall_seconds=244.105
Running mode=mpi p=1 run=2
mode=mpi p=1 nx=500 ny=197 steps=7161 wall_seconds=229.104
Running mode=mpi p=1 run=3
mode=mpi p=1 nx=500 ny=197 steps=7161 wall_seconds=236.076
Running mode=mpi p=1 run=4
mode=mpi p=1 nx=500 ny=197 steps=7161 wall_seconds=231.165
Running mode=mpi p=1 run=5
mode=mpi p=1 nx=500 ny=197 steps=7161 wall_seconds=227.687
Running mode=mpi p=2 run=1
mode=mpi p=2 nx=500 ny=197 steps=7161 wall_seconds=103.2
Running mode=mpi p=2 run=2
mode=mpi p=2 nx=500 ny=197 steps=7161 wall_seconds=105.083
Running mode=mpi p=2 run=3
mode=mpi p=2 nx=500 ny=197 steps=7161 wall_seconds=106.469
Running mode=mpi p=2 run=4
mode=mpi p=2 nx=500 ny=197 steps=7161 wall_seconds=107.422
Running mode=mpi p=2 run=5
mode=mpi p=2 nx=500 ny=197 steps=7161 wall_seconds=108.535
Running mode=mpi p=4 run=1
mode=mpi p=4 nx=500 ny=197 steps=7161 wall_seconds=56.0037
Running mode=mpi p=4 run=2
mode=mpi p=4 nx=500 ny=197 steps=7161 wall_seconds=57.1053
Running mode=mpi p=4 run=3
mode=mpi p=4 nx=500 ny=197 steps=7161 wall_seconds=65.393
Running mode=mpi p=4 run=4
mode=mpi p=4 nx=500 ny=197 steps=7161 wall_seconds=60.9162
Running mode=mpi p=4 run=5
mode=mpi p=4 nx=500 ny=197 steps=7161 wall_seconds=58.328
Running mode=mpi p=8 run=1
mode=mpi p=8 nx=500 ny=197 steps=7161 wall_seconds=34.4669
Running mode=mpi p=8 run=2
mode=mpi p=8 nx=500 ny=197 steps=7161 wall_seconds=35.9307
Running mode=mpi p=8 run=3
mode=mpi p=8 nx=500 ny=197 steps=7161 wall_seconds=36.0669
Running mode=mpi p=8 run=4
mode=mpi p=8 nx=500 ny=197 steps=7161 wall_seconds=36.0484
Running mode=mpi p=8 run=5
mode=mpi p=8 nx=500 ny=197 steps=7161 wall_seconds=35.7919
Running mode=mpi p=16 run=1
mode=mpi p=16 nx=500 ny=197 steps=7161 wall_seconds=73.7467
Running mode=mpi p=16 run=2
mode=mpi p=16 nx=500 ny=197 steps=7161 wall_seconds=81.1043
Running mode=mpi p=16 run=3
mode=mpi p=16 nx=500 ny=197 steps=7161 wall_seconds=87.297
Running mode=mpi p=16 run=4
mode=mpi p=16 nx=500 ny=197 steps=7161 wall_seconds=95.7431
Running mode=mpi p=16 run=5
mode=mpi p=16 nx=500 ny=197 steps=7161 wall_seconds=81.629
